1635078575528	geckodriver	INFO	Listening on 127.0.0.1:64150
1635078578676	mozrunner::runner	INFO	Running command: "C:\\Program Files\\Mozilla Firefox\\firefox.exe" "--marionette" "--remote-debugging-port" "64151" "-no-remote" "-profile" "C:\\Users\\NK3056~1.RAH\\AppData\\Local\\Temp\\rust_mozprofileNYIhBE"
1635078579274	Marionette	INFO	Marionette enabled
console.warn: SearchSettings: "get: No settings file exists, new profile?" (new NotFoundError("Could not open the file at C:\\Users\\N.K.Rahul\\AppData\\Local\\Temp\\rust_mozprofileNYIhBE\\search.json.mozlz4", (void 0)))
DevTools listening on ws://localhost:64151/devtools/browser/e795f95c-5691-4d93-9f69-9dba66665a6e
1635078582475	Marionette	INFO	Listening on port 64156
1635078582938	RemoteAgent	WARN	TLS certificate errors will be ignored for this session
1635078596280	Marionette	INFO	Stopped listening on port 64156
JavaScript error: resource:///modules/Interactions.jsm, line 201: NS_ERROR_FAILURE: Component returned failure code: 0x80004005 (NS_ERROR_FAILURE) [nsIUserIdleService.removeIdleObserver]
console.warn: TopSitesFeed: Failed to fetch data from Contile server: NetworkError when attempting to fetch resource.
1635078918727	geckodriver	INFO	Listening on 127.0.0.1:64221
1635078921803	mozrunner::runner	INFO	Running command: "C:\\Program Files\\Mozilla Firefox\\firefox.exe" "--marionette" "--remote-debugging-port" "64222" "-no-remote" "-profile" "C:\\Users\\NK3056~1.RAH\\AppData\\Local\\Temp\\rust_mozprofileg0kXfj"
1635078922169	Marionette	INFO	Marionette enabled
console.warn: SearchSettings: "get: No settings file exists, new profile?" (new NotFoundError("Could not open the file at C:\\Users\\N.K.Rahul\\AppData\\Local\\Temp\\rust_mozprofileg0kXfj\\search.json.mozlz4", (void 0)))
DevTools listening on ws://localhost:64222/devtools/browser/2f72353c-514c-43fd-9905-9f4863f7528a
1635078924844	Marionette	INFO	Listening on port 64227
1635078924985	RemoteAgent	WARN	TLS certificate errors will be ignored for this session
1635078941219	Marionette	INFO	Stopped listening on port 64227
JavaScript error: resource:///modules/Interactions.jsm, line 201: NS_ERROR_FAILURE: Component returned failure code: 0x80004005 (NS_ERROR_FAILURE) [nsIUserIdleService.removeIdleObserver]
console.warn: TopSitesFeed: Failed to fetch data from Contile server: NetworkError when attempting to fetch resource.

###!!! [Parent][RunMessage] Error: Channel closing: too late to send/recv, messages will be lost

1635746600295	geckodriver	INFO	Listening on 127.0.0.1:61013
1635746603493	mozrunner::runner	INFO	Running command: "C:\\Program Files\\Mozilla Firefox\\firefox.exe" "--marionette" "--remote-debugging-port" "61014" "-no-remote" "-profile" "C:\\Users\\NK3056~1.RAH\\AppData\\Local\\Temp\\rust_mozprofileWPylYV"
1635746604383	Marionette	INFO	Marionette enabled
console.warn: SearchSettings: "get: No settings file exists, new profile?" (new NotFoundError("Could not open the file at C:\\Users\\N.K.Rahul\\AppData\\Local\\Temp\\rust_mozprofileWPylYV\\search.json.mozlz4", (void 0)))
DevTools listening on ws://localhost:61014/devtools/browser/78f93a14-aaac-43de-848f-450af04c1feb
1635746607598	Marionette	INFO	Listening on port 61020
1635746607703	RemoteAgent	WARN	TLS certificate errors will be ignored for this session
1635746631157	Marionette	INFO	Stopped listening on port 61020
JavaScript error: resource:///modules/Interactions.jsm, line 201: NS_ERROR_FAILURE: Component returned failure code: 0x80004005 (NS_ERROR_FAILURE) [nsIUserIdleService.removeIdleObserver]
console.warn: TopSitesFeed: Failed to fetch data from Contile server: NetworkError when attempting to fetch resource.
JavaScript error: chrome://remote/content/marionette/cert.js, line 55: NS_ERROR_NOT_AVAILABLE: Component returned failure code: 0x80040111 (NS_ERROR_NOT_AVAILABLE) [nsICertOverrideService.setDisableAllSecurityChecksAndLetAttackersInterceptMyData]
JavaScript error: resource://gre/modules/AsyncShutdown.jsm, line 575: NotFoundError: No such JSWindowActor 'MarionetteEvents'
JavaScript error: resource://gre/modules/AsyncShutdown.jsm, line 575: NotFoundError: No such JSWindowActor 'MarionetteEvents'
JavaScript error: resource://gre/modules/AsyncShutdown.jsm, line 575: NotFoundError: No such JSWindowActor 'MarionetteEvents'

###!!! [Parent][RunMessage] Error: Channel closing: too late to send/recv, messages will be lost

1635746668428	geckodriver	INFO	Listening on 127.0.0.1:61083
1635746671506	mozrunner::runner	INFO	Running command: "C:\\Program Files\\Mozilla Firefox\\firefox.exe" "--marionette" "--remote-debugging-port" "61084" "-no-remote" "-profile" "C:\\Users\\NK3056~1.RAH\\AppData\\Local\\Temp\\rust_mozprofileKJBG8X"
1635746672070	Marionette	INFO	Marionette enabled
console.warn: SearchSettings: "get: No settings file exists, new profile?" (new NotFoundError("Could not open the file at C:\\Users\\N.K.Rahul\\AppData\\Local\\Temp\\rust_mozprofileKJBG8X\\search.json.mozlz4", (void 0)))
DevTools listening on ws://localhost:61084/devtools/browser/0dbce30a-b705-4b57-8bf2-dcc571dc5784
1635746674634	Marionette	INFO	Listening on port 61090
1635746674718	RemoteAgent	WARN	TLS certificate errors will be ignored for this session
1635746676702	Marionette	INFO	Stopped listening on port 61090
JavaScript error: resource:///modules/Interactions.jsm, line 201: NS_ERROR_FAILURE: Component returned failure code: 0x80004005 (NS_ERROR_FAILURE) [nsIUserIdleService.removeIdleObserver]
JavaScript error: resource://gre/modules/UrlClassifierListManager.jsm, line 691: TypeError: this.tablesData[table] is undefined
console.warn: TopSitesFeed: Failed to fetch data from Contile server: NetworkError when attempting to fetch resource.
JavaScript error: chrome://remote/content/marionette/cert.js, line 55: NS_ERROR_NOT_AVAILABLE: Component returned failure code: 0x80040111 (NS_ERROR_NOT_AVAILABLE) [nsICertOverrideService.setDisableAllSecurityChecksAndLetAttackersInterceptMyData]
JavaScript error: resource://gre/modules/AsyncShutdown.jsm, line 575: NotFoundError: No such JSWindowActor 'MarionetteEvents'

###!!! [Parent][RunMessage] Error: Channel closing: too late to send/recv, messages will be lost

1635747022505	geckodriver	INFO	Listening on 127.0.0.1:61171
1635747025505	mozrunner::runner	INFO	Running command: "C:\\Program Files\\Mozilla Firefox\\firefox.exe" "--marionette" "--remote-debugging-port" "61172" "-no-remote" "-profile" "C:\\Users\\NK3056~1.RAH\\AppData\\Local\\Temp\\rust_mozprofileuo2jvn"
1635747025929	Marionette	INFO	Marionette enabled
console.warn: SearchSettings: "get: No settings file exists, new profile?" (new NotFoundError("Could not open the file at C:\\Users\\N.K.Rahul\\AppData\\Local\\Temp\\rust_mozprofileuo2jvn\\search.json.mozlz4", (void 0)))
DevTools listening on ws://localhost:61172/devtools/browser/284f7708-356c-4e53-b53d-21c85efd9a8a
1635747028724	Marionette	INFO	Listening on port 61177
1635747029211	RemoteAgent	WARN	TLS certificate errors will be ignored for this session
JavaScript warning: https://web.whatsapp.com/bootstrap_qr.ccb090b3a46e05558abd.js, line 57: unreachable code after return statement
JavaScript warning: https://web.whatsapp.com/bootstrap_qr.ccb090b3a46e05558abd.js, line 57: unreachable code after return statement
JavaScript error: https://web.whatsapp.com/serviceworker.js, line 1: TypeError: Cache.put: Cache got basic response with bad status 206 while trying to add request https://web.whatsapp.com/sequential-ptt-middle_7fa161964e93db72b8d00ae22189d75f.mp3
JavaScript error: https://web.whatsapp.com/serviceworker.js, line 1: TypeError: Cache.put: Cache got basic response with bad status 206 while trying to add request https://web.whatsapp.com/sequential-ptt-end_62ed28be622237546fd39f9468a76a49.mp3
JavaScript error: https://web.whatsapp.com/serviceworker.js, line 1: TypeError: Cache.put: Cache got basic response with bad status 206 while trying to add request https://web.whatsapp.com/notification_2a485d84012c106acef03b527bb54635.mp3
1635747091604	Marionette	INFO	Stopped listening on port 61177
JavaScript error: resource:///modules/Interactions.jsm, line 201: NS_ERROR_FAILURE: Component returned failure code: 0x80004005 (NS_ERROR_FAILURE) [nsIUserIdleService.removeIdleObserver]
console.warn: TopSitesFeed: Failed to fetch data from Contile server: NetworkError when attempting to fetch resource.
1635747623642	geckodriver	INFO	Listening on 127.0.0.1:61610
1635747626676	mozrunner::runner	INFO	Running command: "C:\\Program Files\\Mozilla Firefox\\firefox.exe" "--marionette" "--remote-debugging-port" "61611" "-no-remote" "-profile" "C:\\Users\\NK3056~1.RAH\\AppData\\Local\\Temp\\rust_mozprofilee3tOSo"
1635747627314	Marionette	INFO	Marionette enabled
console.warn: SearchSettings: "get: No settings file exists, new profile?" (new NotFoundError("Could not open the file at C:\\Users\\N.K.Rahul\\AppData\\Local\\Temp\\rust_mozprofilee3tOSo\\search.json.mozlz4", (void 0)))
DevTools listening on ws://localhost:61611/devtools/browser/d4d109fd-4127-4667-babe-55a4231f6bb8
1635747629636	Marionette	INFO	Listening on port 61616
1635747629870	RemoteAgent	WARN	TLS certificate errors will be ignored for this session
JavaScript warning: https://web.whatsapp.com/bootstrap_qr.ccb090b3a46e05558abd.js, line 57: unreachable code after return statement
JavaScript warning: https://web.whatsapp.com/bootstrap_qr.ccb090b3a46e05558abd.js, line 57: unreachable code after return statement
